2025-10-09 11:11:40, MOVE, v:1, k:poo@camisa, mode:PICK
2025-10-09 11:11:41, EXEC, v:1, k:poo@camisa, mode:LOCK, rate:0, size:22
2025-10-09 11:11:45, EXEC, v:1, k:poo@camisa, mode:FREE
2025-10-09 11:15:24, MOVE, v:1, k:poo@camisa, mode:PICK
2025-10-09 11:15:25, EXEC, v:1, k:poo@camisa, mode:LOCK, rate:0, size:20
2025-10-09 11:15:26, EXEC, v:1, k:poo@camisa, mode:FREE
2025-10-09 11:16:14, MOVE, v:1, k:poo@camisa, mode:PICK
2025-10-09 11:16:15, EXEC, v:1, k:poo@camisa, mode:LOCK, rate:0, size:22
2025-10-09 11:16:17, EXEC, v:1, k:poo@camisa, mode:FREE
2025-10-09 11:16:41, MOVE, v:1, k:poo@camisa, mode:BACK
2025-10-09 11:16:42, MOVE, v:1, k:poo@roupa, mode:PICK
2025-10-09 11:16:43, EXEC, v:1, k:poo@roupa, mode:FULL, rate:100
2025-10-09 11:16:44, MOVE, v:1, k:poo@roupa, mode:BACK
2025-10-09 11:16:45, MOVE, v:1, k:poo@relogio, mode:PICK
2025-10-09 11:16:49, EXEC, v:1, k:poo@relogio, mode:FULL, rate:0
2025-10-09 11:17:04, MOVE, v:1, k:poo@relogio, mode:BACK
2025-10-09 11:18:12, MOVE, v:1, k:poo@relogio, mode:PICK
2025-10-09 11:18:17, EXEC, v:1, k:poo@relogio, mode:FULL, rate:0
2025-10-09 11:18:17, MOVE, v:1, k:poo@relogio, mode:BACK
2025-10-09 11:42:37, MOVE, v:1, k:poo@relogio, mode:PICK
2025-10-09 11:42:41, EXEC, v:1, k:poo@relogio, mode:FULL, rate:0, size:22
2025-10-09 11:44:16, EXEC, v:1, k:poo@relogio, mode:FULL, rate:0, size:22
2025-10-09 11:44:25, EXEC, v:1, k:poo@relogio, mode:FULL, rate:7, size:22
2025-10-09 11:45:20, MOVE, v:1, k:poo@relogio, mode:BACK
2025-10-09 11:46:41, MOVE, v:1, k:poo@relogio, mode:PICK
2025-10-09 11:46:45, EXEC, v:1, k:poo@relogio, mode:FULL, rate:7, size:22
2025-10-09 12:02:27, EXEC, v:1, k:poo@relogio, mode:FULL, rate:0, size:31
2025-10-09 12:03:52, EXEC, v:1, k:poo@relogio, mode:FULL, rate:7, size:34
