2025-10-07 15:38:50, MOVE, v:1, k:poo@roupa, mode:DOWN
2025-10-07 15:38:51, MOVE, v:1, k:poo@relogio, mode:DOWN
2025-10-07 15:38:53, MOVE, v:1, k:poo@camisa, mode:DOWN
2025-10-07 15:38:54, MOVE, v:1, k:poo@relogio, mode:PICK
2025-10-07 15:38:58, EXEC, v:1, k:poo@relogio, mode:FULL, rate:0, size:0
2025-10-07 15:38:59, MOVE, v:1, k:poo@relogio, mode:BACK
2025-10-07 15:39:01, MOVE, v:1, k:poo@camisa, mode:PICK
2025-10-07 15:39:02, EXEC, v:1, k:poo@camisa, mode:LOCK, rate:100, size:0
2025-10-07 15:39:03, MOVE, v:1, k:poo@camisa, mode:BACK
2025-10-07 15:39:26, MOVE, v:1, k:poo@chinela, mode:PICK
2025-10-07 15:39:27, EXEC, v:1, k:poo@chinela, mode:FREE, size:26
2025-10-07 15:41:27, MOVE, v:1, k:poo@chinela, mode:BACK
2025-10-07 15:49:30, MOVE, v:1, k:poo@chinela, mode:PICK
2025-10-07 15:49:32, EXEC, v:1, k:poo@chinela, mode:FREE, size:26
2025-10-07 15:52:19, MOVE, v:1, k:poo@chinela, mode:BACK
2025-10-07 15:59:28, MOVE, v:1, k:poo@camisa, mode:PICK
2025-10-07 15:59:29, EXEC, v:1, k:poo@camisa, mode:LOCK, rate:0, size:22
2025-10-07 15:59:30, EXEC, v:1, k:poo@camisa, mode:FREE
2025-10-07 16:04:09, MOVE, v:1, k:poo@camisa, mode:PICK
2025-10-07 16:04:10, EXEC, v:1, k:poo@camisa, mode:FREE, size:23
2025-10-07 16:06:42, MOVE, v:1, k:poo@camisa, mode:PICK
2025-10-07 16:06:42, EXEC, v:1, k:poo@camisa, mode:FREE, size:24
2025-10-07 16:07:17, MOVE, v:1, k:poo@camisa, mode:PICK
2025-10-07 16:07:18, EXEC, v:1, k:poo@camisa, mode:FREE, size:24
2025-10-07 16:07:51, MOVE, v:1, k:poo@camisa, mode:PICK
2025-10-07 16:07:52, EXEC, v:1, k:poo@camisa, mode:FREE, size:24
2025-10-07 16:09:01, MOVE, v:1, k:poo@camisa, mode:PICK
2025-10-07 16:09:02, EXEC, v:1, k:poo@camisa, mode:FREE, size:24
2025-10-07 16:09:53, MOVE, v:1, k:poo@camisa, mode:PICK
2025-10-07 16:09:53, EXEC, v:1, k:poo@camisa, mode:FREE, size:24
2025-10-07 16:11:09, MOVE, v:1, k:poo@camisa, mode:PICK
2025-10-07 16:11:10, EXEC, v:1, k:poo@camisa, mode:FREE, size:24
2025-10-07 16:14:14, MOVE, v:1, k:poo@chinela, mode:PICK
2025-10-07 16:14:14, EXEC, v:1, k:poo@chinela, mode:FREE, size:26
2025-10-07 16:32:15, MOVE, v:1, k:poo@chinela, mode:PICK
2025-10-07 16:32:16, EXEC, v:1, k:poo@chinela, mode:FREE, size:26
2025-10-07 16:34:09, MOVE, v:1, k:poo@camisa, mode:PICK
2025-10-07 16:35:13, EXEC, v:1, k:poo@camisa, mode:LOCK, rate:0, size:24
2025-10-07 16:35:14, EXEC, v:1, k:poo@camisa, mode:FREE
2025-10-07 16:38:34, MOVE, v:1, k:poo@camisa, mode:PICK
2025-10-07 16:38:36, EXEC, v:1, k:poo@camisa, mode:FREE, size:24
2025-10-07 16:40:36, MOVE, v:1, k:poo@camisa, mode:BACK
2025-10-07 16:40:38, MOVE, v:1, k:poo@roupa, mode:PICK
2025-10-07 16:40:39, EXEC, v:1, k:poo@roupa, mode:FULL, rate:0, size:0
2025-10-07 16:40:51, MOVE, v:1, k:poo@roupa, mode:BACK
2025-10-07 16:40:53, MOVE, v:1, k:poo@chinela, mode:PICK
2025-10-07 16:40:54, EXEC, v:1, k:poo@chinela, mode:FREE
2025-10-07 16:41:32, MOVE, v:1, k:poo@chinela, mode:BACK
